Start testing: Feb 28 11:57 CST
----------------------------------------------------------
1/4 Testing: helloTest
1/4 Test: helloTest
Command: "/Users/kyle/Desktop/hardDiscCS/myProj/C++programs/unit_test/build/helloTest"
Directory: /Users/kyle/Desktop/hardDiscCS/myProj/C++programs/unit_test/build
"helloTest" start time: Feb 28 11:57 CST
Output:
----------------------------------------------------------
<end of output>
Test time =   0.13 sec
----------------------------------------------------------
Test Passed.
"helloTest" end time: Feb 28 11:57 CST
"helloTest" time elapsed: 00:00:00
----------------------------------------------------------

2/4 Testing: helloTest_01
2/4 Test: helloTest_01
Command: "/Users/kyle/Desktop/hardDiscCS/myProj/C++programs/unit_test/build/helloTest_01"
Directory: /Users/kyle/Desktop/hardDiscCS/myProj/C++programs/unit_test/build
"helloTest_01" start time: Feb 28 11:57 CST
Output:
----------------------------------------------------------
<end of output>
Test time =   0.04 sec
----------------------------------------------------------
Test Passed.
"helloTest_01" end time: Feb 28 11:57 CST
"helloTest_01" time elapsed: 00:00:00
----------------------------------------------------------

3/4 Testing: helloTest_02
3/4 Test: helloTest_02
Command: "/Users/kyle/Desktop/hardDiscCS/myProj/C++programs/unit_test/build/helloTest_02"
Directory: /Users/kyle/Desktop/hardDiscCS/myProj/C++programs/unit_test/build
"helloTest_02" start time: Feb 28 11:57 CST
Output:
----------------------------------------------------------
yikesee-doo
<end of output>
Test time =   0.08 sec
----------------------------------------------------------
Test Passed.
"helloTest_02" end time: Feb 28 11:57 CST
"helloTest_02" time elapsed: 00:00:00
----------------------------------------------------------

4/4 Testing: helloTest_03
4/4 Test: helloTest_03
Command: "/Users/kyle/Desktop/hardDiscCS/myProj/C++programs/unit_test/build/helloTest_03"
Directory: /Users/kyle/Desktop/hardDiscCS/myProj/C++programs/unit_test/build
"helloTest_03" start time: Feb 28 11:57 CST
Output:
----------------------------------------------------------
yikesee-doo
<end of output>
Test time =   0.05 sec
----------------------------------------------------------
Test Failed.
"helloTest_03" end time: Feb 28 11:57 CST
"helloTest_03" time elapsed: 00:00:00
----------------------------------------------------------

End testing: Feb 28 11:57 CST
